# JRE version: OpenJDK Runtime Environment (21.0.4+7) (build 21.0.4+7-Ubuntu-1ubuntu220.04)
# Java VM: OpenJDK 64-Bit Server VM (21.0.4+7-Ubuntu-1ubuntu220.04, mixed mode, sharing, tiered, compressed oops, compressed class ptrs, g1 gc, linux-amd64)
GC Precious Log:
 CardTable entry size: 512
 Card Set container configuration: InlinePtr #cards 4 size 8 Array Of Cards #cards 16 size 48 Howl #buckets 8 coarsen threshold 3686 Howl Bitmap #cards 512 size 80 coarsen threshold 460 Card regions per heap region 1 cards per card region 4096
 CPUs: 5 total, 5 available
 Memory: 10536M
 Large Page Support: Disabled
 NUMA Support: Disabled
 Compressed Oops: Enabled (Zero based)
 Heap Region Size: 2M
 Heap Min Capacity: 8M
 Heap Initial Capacity: 166M
 Heap Max Capacity: 2636M
 Pre-touch: Disabled
 Parallel Workers: 5
 Concurrent Workers: 1
 Concurrent Refinement Workers: 5
 Periodic GC: Disabled
Heap:
 garbage-first heap   total 81920K, used 39790K [0x000000075b400000, 0x0000000800000000)
  region size 2048K, 5 young (10240K), 2 survivors (4096K)
 Metaspace       used 81003K, committed 81792K, reserved 1179648K
  class space    used 10206K, committed 10560K, reserved 1048576K
GC Heap History (20 events):
Event: 1938.367 GC heap before
{Heap before GC invocations=32 (full 4):
 garbage-first heap   total 81920K, used 64663K [0x000000075b400000, 0x0000000800000000)
  region size 2048K, 19 young (38912K), 2 survivors (4096K)
 Metaspace       used 79051K, committed 79808K, reserved 1179648K
  class space    used 10108K, committed 10432K, reserved 1048576K
}
Event: 1938.431 GC heap after
{Heap after GC invocations=33 (full 5):
 garbage-first heap   total 81920K, used 28510K [0x000000075b400000, 0x0000000800000000)
  region size 2048K, 0 young (0K), 0 survivors (0K)
 Metaspace       used 79046K, committed 79808K, reserved 1179648K
  class space    used 10106K, committed 10432K, reserved 1048576K
}
Event: 1938.836 GC heap before
{Heap before GC invocations=33 (full 5):
 garbage-first heap   total 81920K, used 65374K [0x000000075b400000, 0x0000000800000000)
  region size 2048K, 19 young (38912K), 0 survivors (0K)
 Metaspace       used 79161K, committed 79936K, reserved 1179648K
  class space    used 10113K, committed 10432K, reserved 1048576K
}
Event: 1938.850 GC heap after
{Heap after GC invocations=34 (full 5):
 garbage-first heap   total 81920K, used 32002K [0x000000075b400000, 0x0000000800000000)
  region size 2048K, 2 young (4096K), 2 survivors (4096K)
 Metaspace       used 79161K, committed 79936K, reserved 1179648K
  class space    used 10113K, committed 10432K, reserved 1048576K
}
Event: 2073.479 GC heap before
{Heap before GC invocations=35 (full 5):
 garbage-first heap   total 81920K, used 66818K [0x000000075b400000, 0x0000000800000000)
  region size 2048K, 20 young (40960K), 2 survivors (4096K)
 Metaspace       used 79536K, committed 80320K, reserved 1179648K
  class space    used 10134K, committed 10496K, reserved 1048576K
}
Event: 2073.483 GC heap after
{Heap after GC invocations=36 (full 5):
 garbage-first heap   total 81920K, used 34946K [0x000000075b400000, 0x0000000800000000)
  region size 2048K, 2 young (4096K), 2 survivors (4096K)
 Metaspace       used 79536K, committed 80320K, reserved 1179648K
  class space    used 10134K, committed 10496K, reserved 1048576K
}
Event: 2106.484 GC heap before
{Heap before GC invocations=36 (full 5):
 garbage-first heap   total 81920K, used 39042K [0x000000075b400000, 0x0000000800000000)
  region size 2048K, 5 young (10240K), 2 survivors (4096K)
 Metaspace       used 79687K, committed 80512K, reserved 1179648K
  class space    used 10135K, committed 10496K, reserved 1048576K
}
Event: 2106.592 GC heap after
{Heap after GC invocations=37 (full 6):
 garbage-first heap   total 81920K, used 28853K [0x000000075b400000, 0x0000000800000000)
  region size 2048K, 0 young (0K), 0 survivors (0K)
 Metaspace       used 79684K, committed 80512K, reserved 1179648K
  class space    used 10135K, committed 10496K, reserved 1048576K
}
Event: 2107.265 GC heap before
{Heap before GC invocations=37 (full 6):
 garbage-first heap   total 81920K, used 65717K [0x000000075b400000, 0x0000000800000000)
  region size 2048K, 19 young (38912K), 0 survivors (0K)
 Metaspace       used 79781K, committed 80576K, reserved 1179648K
  class space    used 10140K, committed 10496K, reserved 1048576K
}
Event: 2107.279 GC heap after
{Heap after GC invocations=38 (full 6):
 garbage-first heap   total 81920K, used 32722K [0x000000075b400000, 0x0000000800000000)
  region size 2048K, 2 young (4096K), 2 survivors (4096K)
 Metaspace       used 79781K, committed 80576K, reserved 1179648K
  class space    used 10140K, committed 10496K, reserved 1048576K
}
Event: 2180.428 GC heap before
{Heap before GC invocations=39 (full 6):
 garbage-first heap   total 81920K, used 65490K [0x000000075b400000, 0x0000000800000000)
  region size 2048K, 19 young (38912K), 2 survivors (4096K)
 Metaspace       used 80047K, committed 80896K, reserved 1179648K
  class space    used 10152K, committed 10496K, reserved 1048576K
}
Event: 2180.494 GC heap after
{Heap after GC invocations=40 (full 7):
 garbage-first heap   total 81920K, used 29071K [0x000000075b400000, 0x0000000800000000)
  region size 2048K, 0 young (0K), 0 survivors (0K)
 Metaspace       used 80044K, committed 80896K, reserved 1179648K
  class space    used 10151K, committed 10496K, reserved 1048576K
}
Event: 2180.814 GC heap before
{Heap before GC invocations=40 (full 7):
 garbage-first heap   total 81920K, used 65935K [0x000000075b400000, 0x0000000800000000)
  region size 2048K, 19 young (38912K), 0 survivors (0K)
 Metaspace       used 80162K, committed 81024K, reserved 1179648K
  class space    used 10160K, committed 10560K, reserved 1048576K
}
Event: 2180.822 GC heap after
{Heap after GC invocations=41 (full 7):
 garbage-first heap   total 81920K, used 32706K [0x000000075b400000, 0x0000000800000000)
  region size 2048K, 2 young (4096K), 2 survivors (4096K)
 Metaspace       used 80162K, committed 81024K, reserved 1179648K
  class space    used 10160K, committed 10560K, reserved 1048576K
}
Event: 2262.800 GC heap before
{Heap before GC invocations=42 (full 7):
 garbage-first heap   total 81920K, used 63426K [0x000000075b400000, 0x0000000800000000)
  region size 2048K, 18 young (36864K), 2 survivors (4096K)
 Metaspace       used 80490K, committed 81344K, reserved 1179648K
  class space    used 10171K, committed 10560K, reserved 1048576K
}
Event: 2262.861 GC heap after
{Heap after GC invocations=43 (full 8):
 garbage-first heap   total 81920K, used 29266K [0x000000075b400000, 0x0000000800000000)
  region size 2048K, 0 young (0K), 0 survivors (0K)
 Metaspace       used 80488K, committed 81344K, reserved 1179648K
  class space    used 10171K, committed 10560K, reserved 1048576K
}
Event: 2263.130 GC heap before
{Heap before GC invocations=43 (full 8):
 garbage-first heap   total 81920K, used 66130K [0x000000075b400000, 0x0000000800000000)
  region size 2048K, 19 young (38912K), 0 survivors (0K)
 Metaspace       used 80596K, committed 81408K, reserved 1179648K
  class space    used 10179K, committed 10560K, reserved 1048576K
}
Event: 2263.135 GC heap after
{Heap after GC invocations=44 (full 8):
 garbage-first heap   total 81920K, used 33008K [0x000000075b400000, 0x0000000800000000)
  region size 2048K, 2 young (4096K), 2 survivors (4096K)
 Metaspace       used 80596K, committed 81408K, reserved 1179648K
  class space    used 10179K, committed 10560K, reserved 1048576K
}
Event: 2395.907 GC heap before
{Heap before GC invocations=45 (full 8):
 garbage-first heap   total 81920K, used 67824K [0x000000075b400000, 0x0000000800000000)
  region size 2048K, 19 young (38912K), 2 survivors (4096K)
 Metaspace       used 80877K, committed 81728K, reserved 1179648K
  class space    used 10189K, committed 10560K, reserved 1048576K
}
Event: 2395.916 GC heap after
{Heap after GC invocations=46 (full 8):
 garbage-first heap   total 81920K, used 35694K [0x000000075b400000, 0x0000000800000000)
  region size 2048K, 2 young (4096K), 2 survivors (4096K)
 Metaspace       used 80877K, committed 81728K, reserved 1179648K
  class space    used 10189K, committed 10560K, reserved 1048576K
}

